<?xml version="1.0" encoding="UTF-8"?>
<testng-results ignored="0" total="1" passed="1" failed="0" skipped="0">
  <reporter-output>
  </reporter-output>
  <suite started-at="2022-11-09T14:27:07 ICT" name="Surefire suite" finished-at="2022-11-09T14:27:14 ICT" duration-ms="7061">
    <groups>
      <group name="cucumber">
        <method signature="AbstractTestNGCucumberTests.runScenario(io.cucumber.testng.PickleWrapper,io.cucumber.testng.FeatureWrapper)[pri:0, instance:demo.RunCucumberTest@5a63f509]" name="runScenario" class="io.cucumber.testng.AbstractTestNGCucumberTests"/>
      </group> <!-- cucumber -->
    </groups>
    <test started-at="2022-11-09T14:27:07 ICT" name="Surefire test" finished-at="2022-11-09T14:27:14 ICT" duration-ms="7061">
      <class name="demo.RunCucumberTest">
        <test-method is-config="true" signature="setUpClass(org.testng.ITestContext)[pri:0, instance:demo.RunCucumberTest@5a63f509]" started-at="2022-11-09T14:27:07 ICT" name="setUpClass" finished-at="2022-11-09T14:27:07 ICT" duration-ms="121" status="PASS">
          <params>
            <param index="0">
              <value>
                <![CDATA[org.testng.TestRunner@33634f04]]>
              </value>
            </param>
          </params>
          <reporter-output>
          </reporter-output>
        </test-method> <!-- setUpClass -->
        <test-method signature="runScenario(io.cucumber.testng.PickleWrapper,io.cucumber.testng.FeatureWrapper)[pri:0, instance:demo.RunCucumberTest@5a63f509]" started-at="2022-11-09T14:27:07 ICT" name="runScenario" description="Runs Cucumber Scenarios" data-provider="scenarios" finished-at="2022-11-09T14:27:14 ICT" duration-ms="6915" status="PASS">
          <params>
            <param index="0">
              <value>
                <![CDATA["Booking a Walk-in"]]>
              </value>
            </param>
            <param index="1">
              <value>
                <![CDATA["Booking"]]>
              </value>
            </param>
          </params>
          <reporter-output>
          </reporter-output>
        </test-method> <!-- runScenario -->
        <test-method is-config="true" signature="tearDownClass()[pri:0, instance:demo.RunCucumberTest@5a63f509]" started-at="2022-11-09T14:27:14 ICT" name="tearDownClass" finished-at="2022-11-09T14:27:14 ICT" duration-ms="5" status="PASS">
          <reporter-output>
          </reporter-output>
        </test-method> <!-- tearDownClass -->
      </class> <!-- demo.RunCucumberTest -->
    </test> <!-- Surefire test -->
  </suite> <!-- Surefire suite -->
</testng-results>
